<?xml version="1.0" encoding="UTF-8" ?>
<testsuite failures="0" time="0.015" errors="0" skipped="0" tests="3" name="org.firststep.tutorial.BookStoreTest">
  <properties>
    <property name="java.runtime.name" value="Java(TM) SE Runtime Environment"/>
    <property name="sun.boot.library.path" value="/home/t/jdk1.6.0_23/jre/lib/amd64"/>
    <property name="java.vm.version" value="19.0-b09"/>
    <property name="java.vm.vendor" value="Sun Microsystems Inc."/>
    <property name="java.vendor.url" value="http://java.sun.com/"/>
    <property name="path.separator" value=":"/>
    <property name="java.vm.name" value="Java HotSpot(TM) 64-Bit Server VM"/>
    <property name="file.encoding.pkg" value="sun.io"/>
    <property name="user.country" value="US"/>
    <property name="sun.java.launcher" value="SUN_STANDARD"/>
    <property name="sun.os.patch.level" value="unknown"/>
    <property name="java.vm.specification.name" value="Java Virtual Machine Specification"/>
    <property name="user.dir" value="/home/apadmanabhan/book_store"/>
    <property name="java.runtime.version" value="1.6.0_23-b05"/>
    <property name="java.awt.graphicsenv" value="sun.awt.X11GraphicsEnvironment"/>
    <property name="basedir" value="/home/apadmanabhan/book_store"/>
    <property name="java.endorsed.dirs" value="/home/t/jdk1.6.0_23/jre/lib/endorsed"/>
    <property name="os.arch" value="amd64"/>
    <property name="surefire.real.class.path" value="/home/apadmanabhan/book_store/target/surefire/surefirebooter3523731249084752247.jar"/>
    <property name="java.io.tmpdir" value="/tmp"/>
    <property name="line.separator" value="
"/>
    <property name="java.vm.specification.vendor" value="Sun Microsystems Inc."/>
    <property name="os.name" value="Linux"/>
    <property name="sun.jnu.encoding" value="UTF-8"/>
    <property name="java.library.path" value="/home/t/jdk1.6.0_23/jre/lib/amd64/server:/home/t/jdk1.6.0_23/jre/lib/amd64:/home/t/jdk1.6.0_23/jre/../lib/amd64:/usr/java/packages/lib/amd64:/usr/lib64:/lib64:/lib:/usr/lib"/>
    <property name="surefire.test.class.path" value="/home/apadmanabhan/book_store/target/test-classes:/home/apadmanabhan/book_store/target/classes:/home/apadmanabhan/.m2/repository/junit/junit/3.8.1/junit-3.8.1.jar:"/>
    <property name="java.specification.name" value="Java Platform API Specification"/>
    <property name="java.class.version" value="50.0"/>
    <property name="sun.management.compiler" value="HotSpot 64-Bit Server Compiler"/>
    <property name="os.version" value="2.6.18-164.11.1.el5xen"/>
    <property name="user.home" value="/home/apadmanabhan"/>
    <property name="user.timezone" value=""/>
    <property name="java.awt.printerjob" value="sun.print.PSPrinterJob"/>
    <property name="file.encoding" value="UTF-8"/>
    <property name="java.specification.version" value="1.6"/>
    <property name="user.name" value="apadmanabhan"/>
    <property name="java.class.path" value="/home/apadmanabhan/book_store/target/test-classes:/home/apadmanabhan/book_store/target/classes:/home/apadmanabhan/.m2/repository/junit/junit/3.8.1/junit-3.8.1.jar:"/>
    <property name="java.vm.specification.version" value="1.0"/>
    <property name="sun.arch.data.model" value="64"/>
    <property name="java.home" value="/home/t/jdk1.6.0_23/jre"/>
    <property name="java.specification.vendor" value="Sun Microsystems Inc."/>
    <property name="user.language" value="en"/>
    <property name="java.vm.info" value="mixed mode"/>
    <property name="java.version" value="1.6.0_23"/>
    <property name="java.ext.dirs" value="/home/t/jdk1.6.0_23/jre/lib/ext:/usr/java/packages/lib/ext"/>
    <property name="sun.boot.class.path" value="/home/t/jdk1.6.0_23/jre/lib/resources.jar:/home/t/jdk1.6.0_23/jre/lib/rt.jar:/home/t/jdk1.6.0_23/jre/lib/sunrsasign.jar:/home/t/jdk1.6.0_23/jre/lib/jsse.jar:/home/t/jdk1.6.0_23/jre/lib/jce.jar:/home/t/jdk1.6.0_23/jre/lib/charsets.jar:/home/t/jdk1.6.0_23/jre/lib/modules/jdk.boot.jar:/home/t/jdk1.6.0_23/jre/classes"/>
    <property name="java.vendor" value="Sun Microsystems Inc."/>
    <property name="localRepository" value="/home/apadmanabhan/.m2/repository"/>
    <property name="file.separator" value="/"/>
    <property name="java.vendor.url.bug" value="http://java.sun.com/cgi-bin/bugreport.cgi"/>
    <property name="sun.cpu.endian" value="little"/>
    <property name="sun.io.unicode.encoding" value="UnicodeLittle"/>
    <property name="sun.cpu.isalist" value=""/>
  </properties>
  <testcase time="0.002" classname="org.firststep.tutorial.BookStoreTest" name="testBookStore"/>
  <testcase time="0.001" classname="org.firststep.tutorial.BookStoreTest" name="testGetBookCount"/>
  <testcase time="0" classname="org.firststep.tutorial.BookStoreTest" name="testInventory"/>
</testsuite>